Arguments: 
  /home/marta/.nvm/versions/node/v16.19.0/bin/node /usr/bin/yarn add rnmapbox/maps#main

PATH: 
  /home/marta/.local/bin:/home/marta/.nvm/versions/node/v16.19.0/bin:/home/marta/.local/bin:/usr/local/sbin:/usr/local/bin:/usr/sbin:/usr/bin:/sbin:/bin:/usr/games:/usr/local/games:/snap/bin

Yarn version: 
  1.22.19

Node version: 
  16.19.0

Platform: 
  linux x64

Trace: 
  Error: 140533516851136:error:1408F119:SSL routines:ssl3_get_record:decryption failed or bad record mac:../deps/openssl/openssl/ssl/record/ssl3_record.c:677:

npm manifest: 
  {
    "name": "roadbuddy",
    "version": "1.0.0",
    "main": "node_modules/expo/AppEntry.js",
    "scripts": {
      "start": "expo start",
      "android": "expo start --android",
      "ios": "expo start --ios",
      "web": "expo start --web"
    },
    "dependencies": {
      "@expo/vector-icons": "^13.0.0",
      "@expo/webpack-config": "^18.0.1",
      "@react-native-mapbox-gl/maps": "^8.6.0-beta.0",
      "@react-navigation/bottom-tabs": "^6.5.7",
      "@react-navigation/native": "^6.1.6",
      "@react-navigation/stack": "^6.3.16",
      "expo": "~48.0.9",
      "expo-font": "^11.1.1",
      "expo-status-bar": "~1.4.4",
      "react": "18.2.0",
      "react-dom": "18.2.0",
      "react-native": "0.71.4",
      "react-native-web": "~0.18.10"
    },
    "devDependencies": {
      "@babel/core": "^7.20.0"
    },
    "private": true
  }

yarn manifest: 
  No manifest

Lockfile: 
  No lockfile
